<?xml version="1.0" encoding="UTF-8"?>
<!-- Generated by org.testng.reporters.JUnitXMLReporter -->
<testsuite ignored="1" hostname="DESKTOP-PJM9RA5" failures="0" tests="2" name="Default test" time="14.365" errors="0" timestamp="2023-09-25T11:17:02 IST">
  <testcase classname="com.testng.Ignore" name="edge" time="10.604"/>
  <testcase classname="com.testng.Ignore" name="google" time="3.608"/>
  <testcase classname="com.testng.Ignore" name="firefox" time="0.0">
    <ignored/>
  </testcase> <!-- firefox -->
</testsuite> <!-- Default test -->
