<?xml version="1.0" encoding="UTF-8"?>
<testng-results ignored="0" total="2" passed="2" failed="0" skipped="0">
  <reporter-output>
  </reporter-output>
  <suite started-at="2023-09-25T11:16:47 IST" name="Default suite" finished-at="2023-09-25T11:17:02 IST" duration-ms="14365">
    <groups>
    </groups>
    <test started-at="2023-09-25T11:16:47 IST" name="Default test" finished-at="2023-09-25T11:17:02 IST" duration-ms="14365">
      <class name="com.testng.Ignore">
        <test-method signature="edge()[pri:0, instance:com.testng.Ignore@402c4085]" started-at="2023-09-25T11:16:48 IST" name="edge" finished-at="2023-09-25T11:16:58 IST" duration-ms="10604" status="PASS">
          <reporter-output>
          </reporter-output>
        </test-method> <!-- edge -->
        <test-method signature="google()[pri:0, instance:com.testng.Ignore@402c4085]" started-at="2023-09-25T11:16:58 IST" name="google" finished-at="2023-09-25T11:17:02 IST" duration-ms="3608" status="PASS">
          <reporter-output>
          </reporter-output>
        </test-method> <!-- google -->
      </class> <!-- com.testng.Ignore -->
    </test> <!-- Default test -->
  </suite> <!-- Default suite -->
</testng-results>
